<?xml version="1.0" encoding="UTF-8"?>
<testsuite xmlns:xsi="http://www.w3.org/2001/XMLSchema-instance" xsi:noNamespaceSchemaLocation="https://maven.apache.org/surefire/maven-surefire-plugin/xsd/surefire-test-report.xsd" version="3.0.2" name="com.adapstory.gateway.filter.PluginAuthFilterTest" time="0.516" tests="6" errors="0" skipped="0" failures="0">
  <properties>
[...]
</properties>
  <testcase name="actuatorPath_shouldNotFilter" classname="com.adapstory.gateway.filter.PluginAuthFilterTest" time="0.059"/>
  <testcase name="internalPath_shouldNotFilter" classname="com.adapstory.gateway.filter.PluginAuthFilterTest" time="0.001"/>
  <testcase name="missingAuthHeader_returns401" classname="com.adapstory.gateway.filter.PluginAuthFilterTest" time="0.078"/>
  <testcase name="jwtMissingClaims_returns401" classname="com.adapstory.gateway.filter.PluginAuthFilterTest" time="0.035">
    <system-out><![CDATA[10:14:06.067 [main] WARN com.adapstory.gateway.filter.PluginAuthFilter -- Plugin JWT validation failed: JWT missing required claims: [plugin_id]
]]></system-out>
  </testcase>
  <testcase name="validJwt_setsSecurityContextAndPasses" classname="com.adapstory.gateway.filter.PluginAuthFilterTest" time="0.017"/>
  <testcase name="expiredJwt_returns401" classname="com.adapstory.gateway.filter.PluginAuthFilterTest" time="0.008">
    <system-out><![CDATA[10:14:06.092 [main] WARN com.adapstory.gateway.filter.PluginAuthFilter -- Plugin JWT validation failed: Expired JWT
]]></system-out>
  </testcase>
</testsuite>